[debug] [2025-05-04T20:18:20.153Z] ----------------------------------------------------------------------
[debug] [2025-05-04T20:18:20.155Z] Command:       C:\Program Files\nodejs\node.exe C:\Users\ASUS1\AppData\Roaming\npm\node_modules\firebase-tools\lib\bin\firebase.js init
[debug] [2025-05-04T20:18:20.156Z] CLI Version:   14.2.2
[debug] [2025-05-04T20:18:20.156Z] Platform:      win32
[debug] [2025-05-04T20:18:20.156Z] Node Version:  v22.12.0
[debug] [2025-05-04T20:18:20.156Z] Time:          Sun May 04 2025 23:18:20 GMT+0300 (GMT+03:00)
[debug] [2025-05-04T20:18:20.156Z] ----------------------------------------------------------------------
[debug] 
[debug] [2025-05-04T20:18:20.162Z] > command requires scopes: ["email","openid","https://www.googleapis.com/auth/cloudplatformprojects.readonly","https://www.googleapis.com/auth/firebase","https://www.googleapis.com/auth/cloud-platform"]
[debug] [2025-05-04T20:18:20.162Z] > authorizing via signed-in user (eliashabo2002@gmail.com)
[info] 
     ######## #### ########  ######## ########     ###     ######  ########
     ##        ##  ##     ## ##       ##     ##  ##   ##  ##       ##
     ######    ##  ########  ######   ########  #########  ######  ######
     ##        ##  ##    ##  ##       ##     ## ##     ##       ## ##
     ##       #### ##     ## ######## ########  ##     ##  ######  ########

You're about to initialize a Firebase project in this directory:

  E:\PythonProjects\React.js

[debug] [2025-05-04T20:19:22.712Z] Error: Timed out.
    at Timeout._onTimeout (C:\Users\ASUS1\AppData\Roaming\npm\node_modules\firebase-tools\lib\utils.js:269:49)
    at listOnTimeout (node:internal/timers:594:17)
    at process.processTimers (node:internal/timers:529:7)
[error] 
[error] Error: An unexpected error has occurred.
